<function make_renewal_list at 0x7f6efc3083a0> delay 0.6188145704467445 sec
<function make_renewal_list at 0x7f6efc3083a0> delay 0.2860994466828121 sec
<function make_renewal_list at 0x7f6efc3083a0> delay 0.47255057794761113 sec
<function make_renewal_list at 0x7f6efc3083a0> delay 1.6946770318463895 sec
<function make_renewal_list at 0x7f6efc3083a0> delay 1.600050096767347 sec
<function make_renewal_list at 0x7f6efc3083a0> delay 3.829503712270576 sec
<function make_renewal_list at 0x7f6efc3083a0> delay 7.010238923721615 sec
<function make_renewal_list at 0x7f6efc3083a0> delay 10 sec
<function make_renewal_list at 0x7f6efc3083a0> delay 10 sec
<function make_renewal_list at 0x7f6efc3083a0> delay 10 sec
<function make_renewal_list at 0x7f6efc3083a0> delay 10 sec
<function make_renewal_list at 0x7f6efc3083a0> delay 10 sec
<function make_renewal_list at 0x7f6efc3083a0> delay 10 sec
<function make_renewal_list at 0x7f6efc3083a0> delay 10 sec
<function make_renewal_list at 0x7f6efc3083a0> delay 10 sec
<function make_renewal_list at 0x7f6efc3083a0> delay 10 sec
<function make_renewal_list at 0x7f6efc3083a0> delay 10 sec
<function make_renewal_list at 0x7f6efc3083a0> delay 10 sec
<function make_renewal_list at 0x7f6efc3083a0> delay 10 sec
<function make_renewal_list at 0x7f6efc3083a0> delay 10 sec
<function make_renewal_list at 0x7f6efc3083a0> delay 10 sec
<function make_renewal_list at 0x7f6efc3083a0> delay 10 sec
<function make_renewal_list at 0x7f6efc3083a0> delay 10 sec
<function make_renewal_list at 0x7f6efc3083a0> delay 10 sec
<function make_renewal_list at 0x7f6efc3083a0> delay 10 sec
<function make_renewal_list at 0x7f6efc3083a0> delay 10 sec
Start auto_renewall 2022-11-25 07:48:55.765372
Start auto_renewall 2022-11-25 07:51:36.766335
Start auto_renewall 2022-11-25 07:51:37.774017
Start auto_renewall 2022-11-25 07:51:38.789744
Start auto_renewall 2022-11-25 07:51:39.798516
Start auto_renewall 2022-11-25 07:51:40.805793
Start auto_renewall 2022-11-25 07:51:41.817692
Start auto_renewall 2022-11-25 07:51:42.825557
Start auto_renewall 2022-11-25 07:51:43.833214
Start auto_renewall 2022-11-25 07:51:44.846012
Start auto_renewall 2022-11-25 07:51:45.853952
Start auto_renewall 2022-11-25 07:51:46.865894
Start auto_renewall 2022-11-25 07:51:47.874382
Start auto_renewall 2022-11-25 07:51:48.881845
Start auto_renewall 2022-11-25 07:51:49.894892
Start auto_renewall 2022-11-25 07:51:50.908227
Start auto_renewall 2022-11-25 07:51:51.922333
Start auto_renewall 2022-11-25 07:51:52.930086
Start auto_renewall 2022-11-25 07:51:53.940953
Start auto_renewall 2022-11-25 07:51:54.956132
Start auto_renewall 2022-11-25 07:51:55.970243
Start auto_renewall 2022-11-25 07:51:56.984099
Start auto_renewall 2022-11-25 07:51:57.996444
Start auto_renewall 2022-11-25 07:51:59.005267
Start auto_renewall 2022-11-25 07:52:00.019075
Start auto_renewall 2022-11-25 07:52:01.027793
Start auto_renewall 2022-11-25 07:52:02.040387
Start auto_renewall 2022-11-25 07:52:03.047793
Start auto_renewall 2022-11-25 07:52:04.056051
Start auto_renewall 2022-11-25 07:52:05.064839
Start auto_renewall 2022-11-25 07:52:06.072441
Start auto_renewall 2022-11-25 07:52:07.079917
Start auto_renewall 2022-11-25 07:52:22.457715
Start auto_renewall 2022-11-25 07:53:22.523684
Start auto_renewall 2022-11-25 07:54:22.597141
Start auto_renewall 2022-11-25 07:55:22.663810
Start auto_renewall 2022-11-25 07:56:22.730043
Start auto_renewall 2022-11-25 07:57:22.806106
Start auto_renewall 2022-11-25 07:58:22.872635
Start auto_renewall 2022-11-25 07:59:22.956145
Start auto_renewall 2022-11-25 08:00:23.022202
Start auto_renewall 2022-11-25 08:01:23.089273
Start auto_renewall 2022-11-25 08:02:23.160898
Start auto_renewall 2022-11-25 08:03:23.226806
Start auto_renewall 2022-11-25 08:04:23.293723
Start auto_renewall 2022-11-25 08:05:23.363823
Start auto_renewall 2022-11-25 08:06:23.435723
Start auto_renewall 2022-11-25 08:07:23.506209
Start auto_renewall 2022-11-25 08:08:23.576543
Start auto_renewall 2022-11-25 08:09:23.643618
Start auto_renewall 2022-11-25 08:10:23.716107
Start auto_renewall 2022-11-25 08:11:23.787557
Start auto_renewall 2022-11-25 08:12:23.854282
Start auto_renewall 2022-11-25 08:13:23.926677
Start auto_renewall 2022-11-25 08:14:23.999588
Start auto_renewall 2022-11-25 08:15:24.071226
Start auto_renewall 2022-11-25 08:16:24.138091
Start auto_renewall 2022-11-25 08:17:24.209569
Start auto_renewall 2022-11-25 08:18:24.280790
Start auto_renewall 2022-11-25 08:19:24.351938
Start auto_renewall 2022-11-25 08:20:24.424261
Start auto_renewall 2022-11-25 08:21:24.490230
Start auto_renewall 2022-11-25 08:22:24.562128
Start auto_renewall 2022-11-25 08:23:24.632861
Start auto_renewall 2022-11-25 08:24:24.704401
Start auto_renewall 2022-11-25 08:25:24.775918
Start auto_renewall 2022-11-25 08:26:24.842390
Start auto_renewall 2022-11-25 08:27:24.912926
Start auto_renewall 2022-11-25 08:28:24.984397
Start auto_renewall 2022-11-25 08:29:25.057455
Start auto_renewall 2022-11-25 08:30:25.125174
Start auto_renewall 2022-11-25 08:31:25.196677
Start auto_renewall 2022-11-25 08:32:25.263243
Start auto_renewall 2022-11-25 08:33:25.336096
Start auto_renewall 2022-11-25 08:34:25.407872
Start auto_renewall 2022-11-25 08:35:25.480503
Start auto_renewall 2022-11-25 08:36:25.553318
Start auto_renewall 2022-11-25 08:37:25.623871
Start auto_renewall 2022-11-25 08:38:25.696898
Start auto_renewall 2022-11-25 08:39:25.769730
Start auto_renewall 2022-11-25 08:40:25.840799
Start auto_renewall 2022-11-25 08:41:25.906078
Start auto_renewall 2022-11-25 08:42:25.978512
Start auto_renewall 2022-11-25 08:43:26.042038
Start auto_renewall 2022-11-25 08:44:26.113973
Start auto_renewall 2022-11-25 08:45:26.180609
Start auto_renewall 2022-11-25 08:46:26.251907
Start auto_renewall 2022-11-25 08:47:26.323985
Start auto_renewall 2022-11-25 08:48:26.395699
Start auto_renewall 2022-11-25 08:49:26.462351
Start auto_renewall 2022-11-25 08:50:26.526318
Start auto_renewall 2022-11-25 08:51:26.597958
Start auto_renewall 2022-11-25 08:52:26.666835
Start auto_renewall 2022-11-25 08:53:26.738487
Start auto_renewall 2022-11-25 08:54:26.803401
Start auto_renewall 2022-11-25 08:55:26.869997
Start auto_renewall 2022-11-25 08:56:26.941685
Start auto_renewall 2022-11-25 08:57:27.006276
Start auto_renewall 2022-11-25 08:58:27.078281
Start auto_renewall 2022-11-25 08:59:27.150738
Start auto_renewall 2022-11-25 09:00:27.221147
Start auto_renewall 2022-11-25 09:01:27.290858
Start auto_renewall 2022-11-25 09:02:27.356630
Start auto_renewall 2022-11-25 09:03:27.427378
Start auto_renewall 2022-11-25 09:04:27.500305
Start auto_renewall 2022-11-25 09:05:27.570551
Start auto_renewall 2022-11-25 09:06:27.642142
Start auto_renewall 2022-11-25 09:07:27.714679
Start auto_renewall 2022-11-25 09:08:27.784877
Start auto_renewall 2022-11-25 09:09:27.857189
Start auto_renewall 2022-11-25 09:10:27.927870
Start auto_renewall 2022-11-25 09:11:28.001545
Start auto_renewall 2022-11-25 09:12:28.072049
Start auto_renewall 2022-11-25 09:13:28.145035
Start auto_renewall 2022-11-25 09:14:28.211701
Start auto_renewall 2022-11-25 09:15:28.283972
Start auto_renewall 2022-11-25 09:16:28.366205
Start auto_renewall 2022-11-25 09:17:28.438018
Start auto_renewall 2022-11-25 09:18:28.503230
Start auto_renewall 2022-11-25 09:19:28.570197
Start auto_renewall 2022-11-25 09:20:28.641633
Start auto_renewall 2022-11-25 09:21:28.714328
Start auto_renewall 2022-11-25 09:22:28.786716
Start auto_renewall 2022-11-25 09:23:28.857573
Start auto_renewall 2022-11-25 09:24:28.924752
Start auto_renewall 2022-11-25 09:25:28.998736
Start auto_renewall 2022-11-25 09:26:29.062110
Start auto_renewall 2022-11-25 09:27:29.134554
Start auto_renewall 2022-11-25 09:28:29.205768
Start auto_renewall 2022-11-25 09:29:29.277991
Start auto_renewall 2022-11-25 09:30:29.349672
Start auto_renewall 2022-11-25 09:31:29.420112
Start auto_renewall 2022-11-25 09:32:29.491354
Start auto_renewall 2022-11-25 09:33:29.558550
Start auto_renewall 2022-11-25 09:34:29.622183
Start auto_renewall 2022-11-25 09:35:29.694610
Start auto_renewall 2022-11-25 09:36:29.763998
Start auto_renewall 2022-11-25 09:37:29.835940
Start auto_renewall 2022-11-25 09:38:29.901933
Start auto_renewall 2022-11-25 09:39:29.973720
Start auto_renewall 2022-11-25 09:40:30.039120
Start auto_renewall 2022-11-25 09:41:30.105525
Start auto_renewall 2022-11-25 09:42:30.176528
Start auto_renewall 2022-11-25 09:43:30.242307
Start auto_renewall 2022-11-25 09:44:30.312285
Start auto_renewall 2022-11-25 09:45:30.378101
Start auto_renewall 2022-11-25 09:46:30.447860
Start auto_renewall 2022-11-25 09:47:30.520136
Start auto_renewall 2022-11-25 09:48:30.591583
Start auto_renewall 2022-11-25 09:49:30.664002
Start auto_renewall 2022-11-25 09:50:30.735999
Start auto_renewall 2022-11-25 09:51:30.807993
Start auto_renewall 2022-11-25 09:52:30.874081
Start auto_renewall 2022-11-25 09:53:30.945295
Start auto_renewall 2022-11-25 09:54:31.017267
Start auto_renewall 2022-11-25 09:55:31.087960
Start auto_renewall 2022-11-25 09:56:31.154159
Start auto_renewall 2022-11-25 09:57:31.219700
Start auto_renewall 2022-11-25 09:58:31.287422
Start auto_renewall 2022-11-25 09:59:31.359492
Start auto_renewall 2022-11-25 10:00:31.425872
Start auto_renewall 2022-11-25 10:01:31.494809
Start auto_renewall 2022-11-25 10:02:31.559135
Start auto_renewall 2022-11-25 10:03:31.630805
Start auto_renewall 2022-11-25 10:04:31.704312
Start auto_renewall 2022-11-25 10:05:31.771035
Start auto_renewall 2022-11-25 10:06:31.834864
Start auto_renewall 2022-11-25 10:07:31.900129
Start auto_renewall 2022-11-25 10:08:31.972741
Start auto_renewall 2022-11-25 10:09:32.039710
Start auto_renewall 2022-11-25 10:10:32.111833
Start auto_renewall 2022-11-25 10:11:32.183546
Start auto_renewall 2022-11-25 10:12:32.256132
Start auto_renewall 2022-11-25 10:13:32.328159
Start auto_renewall 2022-11-25 10:14:32.399927
Start auto_renewall 2022-11-25 10:15:32.466583
Start auto_renewall 2022-11-25 10:16:32.533582
Start auto_renewall 2022-11-25 10:17:32.606716
Start auto_renewall 2022-11-25 10:18:32.672123
Start auto_renewall 2022-11-25 10:19:32.744290
Start auto_renewall 2022-11-25 10:20:32.811707
Start auto_renewall 2022-11-25 10:21:32.878312
Start auto_renewall 2022-11-25 10:22:32.952297
Start auto_renewall 2022-11-25 10:23:33.024847
Start auto_renewall 2022-11-25 10:24:33.095825
Start auto_renewall 2022-11-25 10:25:33.169222
Start auto_renewall 2022-11-25 10:26:33.331826
Start auto_renewall 2022-11-25 10:27:33.403872
Start auto_renewall 2022-11-25 10:28:33.475851
Start auto_renewall 2022-11-25 10:29:33.542343
Start auto_renewall 2022-11-25 10:30:33.612568
Start auto_renewall 2022-11-25 10:31:33.684941
Start auto_renewall 2022-11-25 10:32:33.756233
Start auto_renewall 2022-11-25 10:33:33.828018
Start auto_renewall 2022-11-25 10:34:33.899914
Start auto_renewall 2022-11-25 10:35:33.966557
Start auto_renewall 2022-11-25 10:36:34.032771
Start auto_renewall 2022-11-25 10:37:34.104600
Start auto_renewall 2022-11-25 10:38:34.171721
Start auto_renewall 2022-11-25 10:39:34.242911
Start auto_renewall 2022-11-25 10:40:34.306491
Start auto_renewall 2022-11-25 10:41:34.376829
Start auto_renewall 2022-11-25 10:42:34.448127
Start auto_renewall 2022-11-25 10:43:34.521173
Start auto_renewall 2022-11-25 10:44:34.591883
Start auto_renewall 2022-11-25 10:45:34.663453
Start auto_renewall 2022-11-25 10:46:34.736034
Start auto_renewall 2022-11-25 10:47:34.802165
Start auto_renewall 2022-11-25 10:48:34.874660
Start auto_renewall 2022-11-25 10:49:34.941327
Start auto_renewall 2022-11-25 10:50:35.011165
Start auto_renewall 2022-11-25 10:51:35.081522
Start auto_renewall 2022-11-25 10:52:35.151829
Start auto_renewall 2022-11-25 10:53:35.219906
Start auto_renewall 2022-11-25 10:54:35.287560
Start auto_renewall 2022-11-25 10:55:35.371384
Start auto_renewall 2022-11-25 10:56:35.438016
Start auto_renewall 2022-11-25 10:57:35.508635
Start auto_renewall 2022-11-25 10:58:35.611586
Start auto_renewall 2022-11-25 10:59:35.684565
Start auto_renewall 2022-11-25 11:00:35.753011
Start auto_renewall 2022-11-25 11:01:35.824529
Start auto_renewall 2022-11-25 11:02:35.896986
Start auto_renewall 2022-11-25 11:03:35.969907
Start auto_renewall 2022-11-25 11:04:36.042762
Start auto_renewall 2022-11-25 11:05:36.107654
Start auto_renewall 2022-11-25 11:06:36.179965
Start auto_renewall 2022-11-25 11:07:36.246200
Start auto_renewall 2022-11-25 11:08:36.318850
Start auto_renewall 2022-11-25 11:09:36.390385
Start auto_renewall 2022-11-25 11:10:36.456350
Start auto_renewall 2022-11-25 11:11:36.522087
Start auto_renewall 2022-11-25 11:12:36.589495
Start auto_renewall 2022-11-25 11:13:36.662584
Start auto_renewall 2022-11-25 11:14:36.730134
Start auto_renewall 2022-11-25 11:15:36.799616
Start auto_renewall 2022-11-25 11:16:36.866069
Start auto_renewall 2022-11-25 11:17:36.937926
Start auto_renewall 2022-11-25 11:18:37.010908
Start auto_renewall 2022-11-25 11:19:37.079193
Start auto_renewall 2022-11-25 11:20:37.148077
Start auto_renewall 2022-11-25 11:21:37.215417
Start auto_renewall 2022-11-25 11:22:45.175699
Start auto_renewall 2022-11-25 11:23:45.350756
Start auto_renewall 2022-11-25 11:24:45.452718
Start auto_renewall 2022-11-25 11:25:45.520141
Start auto_renewall 2022-11-25 11:26:45.592830
Start auto_renewall 2022-11-25 11:27:45.658143
Start auto_renewall 2022-11-25 11:28:45.737807
Start auto_renewall 2022-11-25 11:29:45.809612
Start auto_renewall 2022-11-25 11:30:45.881944
Start auto_renewall 2022-11-25 11:31:45.952699
Start auto_renewall 2022-11-25 11:32:46.019175
Start auto_renewall 2022-11-25 11:33:46.089795
Start auto_renewall 2022-11-25 11:34:46.161049
Start auto_renewall 2022-11-25 11:35:46.230844
Start auto_renewall 2022-11-25 11:36:46.296489
Start auto_renewall 2022-11-25 11:37:46.369258
Start auto_renewall 2022-11-25 11:38:46.435576
Start auto_renewall 2022-11-25 11:39:46.501962
Start auto_renewall 2022-11-25 11:40:46.572355
Start auto_renewall 2022-11-25 11:41:46.667804
Start auto_renewall 2022-11-25 11:42:46.740132
Start auto_renewall 2022-11-25 11:43:46.812473
Start auto_renewall 2022-11-25 11:44:46.878896
Start auto_renewall 2022-11-25 11:45:46.942299
Start auto_renewall 2022-11-25 11:46:47.006075
Start auto_renewall 2022-11-25 11:47:47.077399
Start auto_renewall 2022-11-25 11:48:47.146059
Start auto_renewall 2022-11-25 11:49:47.215772
Start auto_renewall 2022-11-25 11:50:47.287620
Start auto_renewall 2022-11-25 11:51:47.359733
Start auto_renewall 2022-11-25 11:52:47.432524
Start auto_renewall 2022-11-25 11:53:47.498467
Start auto_renewall 2022-11-25 11:54:47.565001
Start auto_renewall 2022-11-25 11:55:47.637585
Start auto_renewall 2022-11-25 11:56:47.710382
Start auto_renewall 2022-11-25 11:57:47.784217
Start auto_renewall 2022-11-25 11:58:47.855139
Start auto_renewall 2022-11-25 11:59:47.926173
Start auto_renewall 2022-11-25 12:00:47.993140
Start auto_renewall 2022-11-25 12:01:48.063251
Start auto_renewall 2022-11-25 12:02:48.136246
Start auto_renewall 2022-11-25 12:03:48.202344
Start auto_renewall 2022-11-25 12:04:48.274311
Start auto_renewall 2022-11-25 12:05:48.344775
Start auto_renewall 2022-11-25 12:06:48.416496
Start auto_renewall 2022-11-25 12:07:48.482682
Start auto_renewall 2022-11-25 12:08:48.552653
Start auto_renewall 2022-11-25 12:09:48.624458
Start auto_renewall 2022-11-25 12:10:48.690068
Start auto_renewall 2022-11-25 12:11:48.761804
Start auto_renewall 2022-11-25 12:12:48.832442
Start auto_renewall 2022-11-25 12:13:48.901298
Start auto_renewall 2022-11-25 12:14:48.972426
Start auto_renewall 2022-11-25 12:15:49.042961
Start auto_renewall 2022-11-25 12:16:49.110454
Start auto_renewall 2022-11-25 12:17:49.174485
Start auto_renewall 2022-11-25 12:18:49.248235
Start auto_renewall 2022-11-25 12:19:49.318862
Start auto_renewall 2022-11-25 12:20:49.384235
Start auto_renewall 2022-11-25 12:21:49.454976
Start auto_renewall 2022-11-25 12:22:49.527381
Start auto_renewall 2022-11-25 12:23:49.600141
Start auto_renewall 2022-11-25 12:24:49.665701
Start auto_renewall 2022-11-25 12:25:49.733179
Start auto_renewall 2022-11-25 12:26:49.804026
Start auto_renewall 2022-11-25 12:27:49.876520
Start auto_renewall 2022-11-25 12:28:49.946988
Start auto_renewall 2022-11-25 12:29:50.016339
Start auto_renewall 2022-11-25 12:30:50.087868
Start auto_renewall 2022-11-25 12:31:50.153791
Start auto_renewall 2022-11-25 12:32:50.223959
Start auto_renewall 2022-11-25 12:33:50.296685
Start auto_renewall 2022-11-25 12:34:50.364267
Start auto_renewall 2022-11-25 12:35:50.436140
Start auto_renewall 2022-11-25 12:36:50.508290
Start auto_renewall 2022-11-25 12:37:50.580312
Start auto_renewall 2022-11-25 12:38:50.652492
Start auto_renewall 2022-11-25 12:39:50.718720
Start auto_renewall 2022-11-25 12:40:50.785505
Start auto_renewall 2022-11-25 12:41:50.856935
Start auto_renewall 2022-11-25 12:42:50.922072
Start auto_renewall 2022-11-25 12:43:50.992876
Start auto_renewall 2022-11-25 12:44:51.059476
Start auto_renewall 2022-11-25 12:45:51.130624
Start auto_renewall 2022-11-25 12:46:51.201419
Start auto_renewall 2022-11-25 12:47:51.273922
Start auto_renewall 2022-11-25 12:48:51.340073
Start auto_renewall 2022-11-25 12:49:51.411736
Start auto_renewall 2022-11-25 12:50:51.482132
Start auto_renewall 2022-11-25 12:51:51.553972
Start auto_renewall 2022-11-25 12:52:51.620821
Start auto_renewall 2022-11-25 12:53:51.686929
Start auto_renewall 2022-11-25 12:54:51.758443
Start auto_renewall 2022-11-25 12:55:51.830329
Start auto_renewall 2022-11-25 12:56:51.901329
Start auto_renewall 2022-11-25 12:57:51.972961
Start auto_renewall 2022-11-25 12:58:52.041741
Start auto_renewall 2022-11-25 12:59:52.111959
Start auto_renewall 2022-11-25 13:00:52.178141
Start auto_renewall 2022-11-25 13:01:52.248622
Start auto_renewall 2022-11-25 13:02:52.316189
Start auto_renewall 2022-11-25 13:03:52.388089
Start auto_renewall 2022-11-25 13:04:52.454335
Start auto_renewall 2022-11-25 13:05:52.527129
Start auto_renewall 2022-11-25 13:06:52.599803
Start auto_renewall 2022-11-25 13:07:52.671662
Start auto_renewall 2022-11-25 13:08:52.744646
Start auto_renewall 2022-11-25 13:09:52.811925
Start auto_renewall 2022-11-25 13:10:52.883663
Start auto_renewall 2022-11-25 13:11:52.950076
Start auto_renewall 2022-11-25 13:12:53.017791
Start auto_renewall 2022-11-25 13:13:53.083203
Start auto_renewall 2022-11-25 13:14:53.155181
Start auto_renewall 2022-11-25 13:15:53.228038
Start auto_renewall 2022-11-25 13:16:53.300320
Start auto_renewall 2022-11-25 13:17:53.366334
Start auto_renewall 2022-11-25 13:18:53.437656
Start auto_renewall 2022-11-25 13:19:53.509846
Start auto_renewall 2022-11-25 13:20:53.575960
Start auto_renewall 2022-11-25 13:21:53.642906
Start auto_renewall 2022-11-25 13:22:53.710943
Start auto_renewall 2022-11-25 13:23:53.778233
Start auto_renewall 2022-11-25 13:24:53.847996
Start auto_renewall 2022-11-25 13:25:53.920731
Start auto_renewall 2022-11-25 13:26:53.987883
Start auto_renewall 2022-11-25 13:27:54.054343
Start auto_renewall 2022-11-25 13:28:54.118416
Start auto_renewall 2022-11-25 13:29:54.184770
Start auto_renewall 2022-11-25 13:30:54.257303
Start auto_renewall 2022-11-25 13:31:54.324679
Start auto_renewall 2022-11-25 13:32:54.395731
Start auto_renewall 2022-11-25 13:33:54.467869
Start auto_renewall 2022-11-25 13:34:54.534321
Start auto_renewall 2022-11-25 13:35:54.601190
Start auto_renewall 2022-11-25 13:36:54.666826
Start auto_renewall 2022-11-25 13:37:54.737736
Start auto_renewall 2022-11-25 13:38:54.804676
Start auto_renewall 2022-11-25 13:39:54.877353
Start auto_renewall 2022-11-25 13:40:54.942525
Start auto_renewall 2022-11-25 13:41:55.007828
Start auto_renewall 2022-11-25 13:42:55.079960
Start auto_renewall 2022-11-25 13:43:55.147866
Start auto_renewall 2022-11-25 13:44:55.219866
Start auto_renewall 2022-11-25 13:45:55.286537
Start auto_renewall 2022-11-25 13:46:55.354301
Start auto_renewall 2022-11-25 13:47:55.418924
Start auto_renewall 2022-11-25 13:48:55.491293
Start auto_renewall 2022-11-25 13:49:55.558683
Start auto_renewall 2022-11-25 13:50:55.624403
Start auto_renewall 2022-11-25 13:51:55.695594
Start auto_renewall 2022-11-25 13:52:55.762222
Start auto_renewall 2022-11-25 13:54:47.882843
Start auto_renewall 2022-11-25 13:55:47.977934
Start auto_renewall 2022-11-25 13:56:48.080009
Start auto_renewall 2022-11-25 13:57:48.146333
Start auto_renewall 2022-11-25 13:59:33.663790
Start auto_renewall 2022-11-25 14:00:33.737095
Start auto_renewall 2022-11-25 14:01:33.811049
Start auto_renewall 2022-11-25 14:02:33.884300
Start auto_renewall 2022-11-25 14:03:33.971659
Start auto_renewall 2022-11-25 14:04:34.039727
Start auto_renewall 2022-11-25 14:05:34.106491
Start auto_renewall 2022-11-25 14:06:34.177048
Start auto_renewall 2022-11-25 14:07:34.242914
Start auto_renewall 2022-11-25 14:08:34.308242
Start auto_renewall 2022-11-25 14:09:34.380107
Start auto_renewall 2022-11-25 14:10:34.452390
Start auto_renewall 2022-11-25 14:11:34.524144
Start auto_renewall 2022-11-25 14:12:34.602378
Start auto_renewall 2022-11-25 14:13:34.666954
Start auto_renewall 2022-11-25 14:14:34.730671
Start auto_renewall 2022-11-25 14:15:34.796905
Start auto_renewall 2022-11-25 14:16:34.870619
Start auto_renewall 2022-11-25 14:17:34.941854
Start auto_renewall 2022-11-25 14:18:35.014624
Start auto_renewall 2022-11-25 14:19:35.081332
Start auto_renewall 2022-11-25 14:20:35.155171
Start auto_renewall 2022-11-25 14:21:35.227986
Start auto_renewall 2022-11-25 14:22:35.294477
Start auto_renewall 2022-11-25 14:23:35.361270
Start auto_renewall 2022-11-25 14:24:35.429598
Start auto_renewall 2022-11-25 14:25:35.497019
Start auto_renewall 2022-11-25 14:26:35.563406
Start auto_renewall 2022-11-25 14:27:35.635956
Start auto_renewall 2022-11-25 14:28:35.703064
Start auto_renewall 2022-11-25 14:29:35.770147
Start auto_renewall 2022-11-25 14:30:35.836218
Start auto_renewall 2022-11-25 14:31:35.902235
Start auto_renewall 2022-11-25 14:32:35.968373
Start auto_renewall 2022-11-25 14:33:36.046862
Start auto_renewall 2022-11-25 14:34:36.119532
Start auto_renewall 2022-11-25 14:35:36.186646
Start auto_renewall 2022-11-25 14:36:36.251494
Start auto_renewall 2022-11-25 14:37:36.319247
Start auto_renewall 2022-11-25 14:38:36.387725
Start auto_renewall 2022-11-25 14:39:36.454999
Start auto_renewall 2022-11-25 14:40:36.521376
Start auto_renewall 2022-11-25 14:41:36.586497
Start auto_renewall 2022-11-25 14:42:36.651434
Start auto_renewall 2022-11-25 14:43:36.717711
Start auto_renewall 2022-11-25 14:44:36.783515
Start auto_renewall 2022-11-25 14:45:36.849939
Start auto_renewall 2022-11-25 14:46:36.916168
Start auto_renewall 2022-11-25 14:47:36.982168
Start auto_renewall 2022-11-25 14:48:37.047122
Start auto_renewall 2022-11-25 14:49:37.113156
Start auto_renewall 2022-11-25 14:50:37.179244
Start auto_renewall 2022-11-25 14:51:37.247055
Start auto_renewall 2022-11-25 14:52:37.314164
Start auto_renewall 2022-11-25 14:53:37.377931
Start auto_renewall 2022-11-25 14:54:37.443485
Start auto_renewall 2022-11-25 14:55:37.512671
Start auto_renewall 2022-11-25 14:56:37.578063
Start auto_renewall 2022-11-25 14:57:37.644583
Start auto_renewall 2022-11-25 14:58:37.710587
Start auto_renewall 2022-11-25 14:59:37.774074
Start auto_renewall 2022-11-25 15:00:37.840764
Start auto_renewall 2022-11-25 15:01:37.908020
Start auto_renewall 2022-11-25 15:02:37.976898
Start auto_renewall 2022-11-25 15:03:38.047060
Start auto_renewall 2022-11-25 15:04:38.119011
Start auto_renewall 2022-11-25 15:05:38.189005
Start auto_renewall 2022-11-25 15:06:38.254108
Start auto_renewall 2022-11-25 15:07:38.321290
Start auto_renewall 2022-11-25 15:08:38.392261
Start auto_renewall 2022-11-25 15:09:38.463926
Start auto_renewall 2022-11-25 15:10:38.530412
Start auto_renewall 2022-11-25 15:11:38.596040
Start auto_renewall 2022-11-25 15:12:38.662194
Start auto_renewall 2022-11-25 15:13:38.729510
Start auto_renewall 2022-11-25 15:14:38.796913
Start auto_renewall 2022-11-25 15:15:38.862688
Start auto_renewall 2022-11-25 15:16:38.933496
Start auto_renewall 2022-11-25 15:17:39.008107
Start auto_renewall 2022-11-25 15:18:39.078983
Start auto_renewall 2022-11-25 15:19:39.146533
Start auto_renewall 2022-11-25 15:20:39.212716
Start auto_renewall 2022-11-25 15:21:39.280073
Start auto_renewall 2022-11-25 15:22:39.346593
Start auto_renewall 2022-11-25 15:23:39.412204
Start auto_renewall 2022-11-25 15:24:39.484761
Start auto_renewall 2022-11-25 15:25:39.554241
Start auto_renewall 2022-11-25 15:26:39.626027
Start auto_renewall 2022-11-25 15:27:39.690457
Start auto_renewall 2022-11-25 15:28:39.758679
Start auto_renewall 2022-11-25 15:29:39.829396
Start auto_renewall 2022-11-25 15:30:39.912222
Start auto_renewall 2022-11-25 15:31:39.978521
Start auto_renewall 2022-11-25 15:32:40.042172
Start auto_renewall 2022-11-25 15:33:40.114980
Start auto_renewall 2022-11-25 15:34:40.183346
Start auto_renewall 2022-11-25 15:35:40.251148
Start auto_renewall 2022-11-25 15:36:40.317150
Start auto_renewall 2022-11-25 15:37:40.382844
Start auto_renewall 2022-11-25 15:38:40.448987
Start auto_renewall 2022-11-25 15:39:40.514979
Start auto_renewall 2022-11-25 15:40:40.582597
Start auto_renewall 2022-11-25 15:41:40.652927
Start auto_renewall 2022-11-25 15:42:40.720258
Start auto_renewall 2022-11-25 15:43:40.792255
Start auto_renewall 2022-11-25 15:44:40.858296
Start auto_renewall 2022-11-25 15:45:40.929982
Start auto_renewall 2022-11-25 15:46:41.003637
Start auto_renewall 2022-11-25 15:47:41.076003
Start auto_renewall 2022-11-25 15:48:41.149552
Start auto_renewall 2022-11-25 15:49:41.215939
Start auto_renewall 2022-11-25 15:50:41.288110
Start auto_renewall 2022-11-25 15:51:41.359734
Start auto_renewall 2022-11-25 15:52:41.432060
Start auto_renewall 2022-11-25 15:53:41.498445
Start auto_renewall 2022-11-25 15:54:41.564263
Start auto_renewall 2022-11-25 15:55:41.636145
Start auto_renewall 2022-11-25 15:56:41.706666
Start auto_renewall 2022-11-25 15:57:41.770631
Start auto_renewall 2022-11-25 15:58:41.834644
Start auto_renewall 2022-11-25 15:59:41.898593
Start auto_renewall 2022-11-25 16:00:41.969725
Start auto_renewall 2022-11-25 16:01:42.042578
Start auto_renewall 2022-11-25 16:02:42.133134
Start auto_renewall 2022-11-25 16:03:42.211925
Start auto_renewall 2022-11-25 16:04:42.278024
Start auto_renewall 2022-11-25 16:05:42.344208
Start auto_renewall 2022-11-25 16:06:42.410590
Start auto_renewall 2022-11-25 16:07:42.477235
Start auto_renewall 2022-11-25 16:08:42.542113
Start auto_renewall 2022-11-25 16:09:42.606346
Start auto_renewall 2022-11-25 16:10:42.674264
Start auto_renewall 2022-11-25 16:11:42.746763
Start auto_renewall 2022-11-25 16:12:42.812006
Start auto_renewall 2022-11-25 16:13:42.879828
Start auto_renewall 2022-11-25 16:14:42.946151
Start auto_renewall 2022-11-25 16:15:43.012000
Start auto_renewall 2022-11-25 16:16:43.084342
Start auto_renewall 2022-11-25 16:17:43.150403
Start auto_renewall 2022-11-25 16:18:43.216510
Start auto_renewall 2022-11-25 16:19:43.287757
Start auto_renewall 2022-11-25 16:20:43.354684
Start auto_renewall 2022-11-25 16:21:43.423554
Start auto_renewall 2022-11-25 16:22:43.490012
Start auto_renewall 2022-11-25 16:23:43.556287
Start auto_renewall 2022-11-25 16:24:43.628438
Start auto_renewall 2022-11-25 16:25:43.701606
Start auto_renewall 2022-11-25 16:26:43.769089
Start auto_renewall 2022-11-25 16:27:43.840877
Start auto_renewall 2022-11-25 16:28:43.913668
Start auto_renewall 2022-11-25 17:20:09.279573
Start auto_renewall 2022-11-25 17:21:09.346241
Start auto_renewall 2022-11-25 17:22:09.413711
Start auto_renewall 2022-11-25 17:23:09.481105
Start auto_renewall 2022-11-25 17:24:09.551866
Start auto_renewall 2022-11-26 03:26:28.877357
Start auto_renewall 2022-11-26 03:27:28.947641
Start auto_renewall 2022-11-26 03:28:29.018418
Start auto_renewall 2022-11-26 03:29:29.090774
Start auto_renewall 2022-11-26 03:30:29.162990
Start auto_renewall 2022-11-26 03:31:29.236096
Start auto_renewall 2022-11-26 03:32:29.305487
Start auto_renewall 2022-11-26 03:33:29.369599
Start auto_renewall 2022-11-26 03:34:29.440081
Start auto_renewall 2022-11-26 03:35:29.504888
Start auto_renewall 2022-11-26 03:36:29.578245
Start auto_renewall 2022-11-26 03:37:29.650907
Start auto_renewall 2022-11-26 03:38:29.717253
Start auto_renewall 2022-11-26 03:39:29.786257
Start auto_renewall 2022-11-26 03:40:29.853113
Start auto_renewall 2022-11-26 03:41:29.920652
Start auto_renewall 2022-11-26 03:42:29.986461
Start auto_renewall 2022-11-26 03:43:30.058555
Start auto_renewall 2022-11-26 03:44:30.131514
Start auto_renewall 2022-11-26 03:45:30.203036
Start auto_renewall 2022-11-26 03:46:30.274609
Start auto_renewall 2022-11-26 03:47:30.343763
Start auto_renewall 2022-11-26 03:48:30.409047
Start auto_renewall 2022-11-26 03:49:30.492690
Start auto_renewall 2022-11-26 03:50:30.572336
Start auto_renewall 2022-11-26 03:51:30.642553
Start auto_renewall 2022-11-26 03:52:30.715092
Start auto_renewall 2022-11-26 03:53:30.788050
Start auto_renewall 2022-11-26 03:54:30.860302
Start auto_renewall 2022-11-26 03:55:30.930975
Start auto_renewall 2022-11-26 03:56:31.002494
Start auto_renewall 2022-11-26 03:57:31.074819
Start auto_renewall 2022-11-26 03:58:31.141329
Start auto_renewall 2022-11-26 03:59:31.212734
Start auto_renewall 2022-11-26 04:00:31.279237
Start auto_renewall 2022-11-26 04:01:31.351839
Start auto_renewall 2022-11-26 04:02:31.435911
Start auto_renewall 2022-11-26 04:03:31.500745
Start auto_renewall 2022-11-26 04:04:31.572325
Start auto_renewall 2022-11-26 04:05:31.646079
Start auto_renewall 2022-11-26 04:06:31.714584
Start auto_renewall 2022-11-26 04:07:31.787395
Start auto_renewall 2022-11-26 04:08:31.859923
Start auto_renewall 2022-11-26 04:09:31.925637
Start auto_renewall 2022-11-26 04:10:31.990066
Start auto_renewall 2022-11-26 04:11:32.062656
Start auto_renewall 2022-11-26 04:12:32.129014
Start auto_renewall 2022-11-26 04:13:32.196078
Start auto_renewall 2022-11-26 04:14:32.262383
Start auto_renewall 2022-11-26 04:15:32.333855
Start auto_renewall 2022-11-26 04:16:32.400904
Start auto_renewall 2022-11-26 04:17:32.472222
Start auto_renewall 2022-11-26 04:18:32.537227
Start auto_renewall 2022-11-26 04:19:32.601318
Start auto_renewall 2022-11-26 04:20:32.673014
Start auto_renewall 2022-11-26 04:21:32.739159
Start auto_renewall 2022-11-26 04:22:32.810901
Start auto_renewall 2022-11-26 04:23:32.882767
Start auto_renewall 2022-11-26 04:35:04.852410
Start auto_renewall 2022-11-26 04:36:04.927029
Start auto_renewall 2022-11-26 04:37:04.993225
Start auto_renewall 2022-11-26 04:38:05.056699
Start auto_renewall 2022-11-26 04:39:05.128150
Start auto_renewall 2022-11-26 04:40:05.198751
Start auto_renewall 2022-11-26 04:41:05.271240
Make renewal b0ad57d0-3522-43ed-9e3f-ed273694b183
Start auto_renewall 2022-11-26 04:42:05.342624
Start auto_renewall 2022-11-26 04:43:05.414823
Start auto_renewall 2022-11-26 04:44:05.480760
Start auto_renewall 2022-11-26 04:45:05.544624
Start auto_renewall 2022-11-26 04:46:05.611550
Start auto_renewall 2022-11-26 04:47:05.678815
Start auto_renewall 2022-11-26 04:48:05.748885
Start auto_renewall 2022-11-26 04:49:05.819290
Start auto_renewall 2022-11-26 04:50:05.891008
Start auto_renewall 2022-11-26 04:51:05.959986
Start auto_renewall 2022-11-26 04:52:06.025806
Start auto_renewall 2022-11-26 04:55:09.282395
Start auto_renewall 2022-11-26 04:56:09.353483
Start auto_renewall 2022-11-26 04:57:09.417355
<function make_renewal_list at 0x7f4b9e7f38b0> delay 0.2735549428070103 sec
Start auto_renewall 2022-11-26 04:57:09.710055
<function make_renewal_list at 0x7f4b9e7f38b0> delay 0.30636508271650525 sec
Start auto_renewall 2022-11-26 04:57:10.030256
<function make_renewal_list at 0x7f4b9e7f38b0> delay 1.3819954779836094 sec
Start auto_renewall 2022-11-26 04:57:11.427748
<function make_renewal_list at 0x7f4b9e7f38b0> delay 0.9488109736417697 sec
Start auto_renewall 2022-11-26 04:57:12.391699
<function make_renewal_list at 0x7f4b9e7f38b0> delay 1.8724546409787863 sec
Start auto_renewall 2022-11-26 04:57:14.273612
<function make_renewal_list at 0x7f4b9e7f38b0> delay 4.164982614378529 sec
Start auto_renewall 2022-11-26 04:57:18.448775
<function make_renewal_list at 0x7f4b9e7f38b0> delay 7.048674410280976 sec
Start auto_renewall 2022-11-26 04:57:25.517790
<function make_renewal_list at 0x7f4b9e7f38b0> delay 10 sec
Start auto_renewall 2022-11-26 04:57:35.535623
<function make_renewal_list at 0x7f4b9e7f38b0> delay 10 sec
Start auto_renewall 2022-11-26 04:57:45.552980
<function make_renewal_list at 0x7f4b9e7f38b0> delay 10 sec
Start auto_renewall 2022-11-26 04:57:55.572221
<function make_renewal_list at 0x7f4b9e7f38b0> delay 10 sec
Start auto_renewall 2022-11-26 04:58:05.593489
Start auto_renewall 2022-11-26 04:59:05.664177
Start auto_renewall 2022-11-26 05:00:05.736133
<function make_renewal_list at 0x7f4b9e7f38b0> delay 0.6849630439178597 sec
Start auto_renewall 2022-11-26 05:00:06.450981
<function make_renewal_list at 0x7f4b9e7f38b0> delay 0.7732192448314583 sec
Start auto_renewall 2022-11-26 05:00:07.238965
<function make_renewal_list at 0x7f4b9e7f38b0> delay 1.1773815345831409 sec
Start auto_renewall 2022-11-26 05:00:08.431177
<function make_renewal_list at 0x7f4b9e7f38b0> delay 0.8086998220277883 sec
Start auto_renewall 2022-11-26 05:00:09.254321
<function make_renewal_list at 0x7f4b9e7f38b0> delay 2.052584657108026 sec
Start auto_renewall 2022-11-26 05:00:11.321467
<function make_renewal_list at 0x7f4b9e7f38b0> delay 3.7590797192557366 sec
Start auto_renewall 2022-11-26 05:00:15.089488
<function make_renewal_list at 0x7f4b9e7f38b0> delay 7.053788915658302 sec
Start auto_renewall 2022-11-26 05:00:22.163683
<function make_renewal_list at 0x7f4b9e7f38b0> delay 10 sec
Start auto_renewall 2022-11-26 05:00:32.181097
<function make_renewal_list at 0x7f4b9e7f38b0> delay 10 sec
Start auto_renewall 2022-11-26 05:00:42.203000
<function make_renewal_list at 0x7f4b9e7f38b0> delay 10 sec
Start auto_renewall 2022-11-26 05:00:52.226933
<function make_renewal_list at 0x7f4b9e7f38b0> delay 10 sec
Start auto_renewall 2022-11-26 05:01:02.245150
Start auto_renewall 2022-11-26 05:02:02.311138
Start auto_renewall 2022-11-26 05:03:02.383737
Start auto_renewall 2022-11-26 05:05:02.567797
Start auto_renewall 2022-11-26 05:06:02.639575
Start auto_renewall 2022-11-26 05:07:02.708856
Start auto_renewall 2022-11-26 05:08:02.772967
Start auto_renewall 2022-11-26 05:09:02.846092
Start auto_renewall 2022-11-26 05:10:02.920415
Start auto_renewall 2022-11-26 05:11:02.991033
Start auto_renewall 2022-11-26 05:14:03.506376
Start auto_renewall 2022-11-26 05:15:03.578664
Start auto_renewall 2022-11-26 05:16:03.658322
Start auto_renewall 2022-11-26 05:17:03.731045
Start auto_renewall 2022-11-26 05:18:03.804046
Start auto_renewall 2022-11-26 05:19:03.871397
Start auto_renewall 2022-11-26 05:20:03.938873
Start auto_renewall 2022-11-26 05:21:04.008070
Start auto_renewall 2022-11-26 05:22:04.078985
Start auto_renewall 2022-11-26 05:23:04.151120
Start auto_renewall 2022-11-26 05:24:04.217094
Start auto_renewall 2022-11-26 05:25:04.287439
Start auto_renewall 2022-11-26 05:26:04.361956
Start auto_renewall 2022-11-26 05:27:04.435015
Start auto_renewall 2022-11-26 05:28:04.502178
Start auto_renewall 2022-11-26 05:29:04.568958
Start auto_renewall 2022-11-26 05:30:04.642053
Start auto_renewall 2022-11-26 05:31:04.711362
Start auto_renewall 2022-11-26 05:32:04.783360
Start auto_renewall 2022-11-26 05:33:04.855617
Start auto_renewall 2022-11-26 05:34:04.921719
Start auto_renewall 2022-11-26 05:35:04.991150
Start auto_renewall 2022-11-26 05:36:05.064558
Start auto_renewall 2022-11-26 05:37:05.135362
Start auto_renewall 2022-11-26 05:38:05.207729
Start auto_renewall 2022-11-26 05:39:05.274141
Start auto_renewall 2022-11-26 05:40:05.347420
Start auto_renewall 2022-11-26 05:41:05.420136
Start auto_renewall 2022-11-26 05:42:05.492562
Start auto_renewall 2022-11-26 05:43:05.565223
Start auto_renewall 2022-11-26 05:44:05.631961
Start auto_renewall 2022-11-26 05:45:05.701367
Start auto_renewall 2022-11-26 05:46:05.772640
Start auto_renewall 2022-11-26 05:47:05.844585
Start auto_renewall 2022-11-26 05:48:05.916872
Start auto_renewall 2022-11-26 05:49:05.988998
Start auto_renewall 2022-11-26 05:50:06.077005
Start auto_renewall 2022-11-26 05:51:06.150318
Start auto_renewall 2022-11-26 05:52:06.223037
Start auto_renewall 2022-11-26 05:53:06.295158
Start auto_renewall 2022-11-26 05:54:06.367363
Start auto_renewall 2022-11-26 05:55:06.439392
Start auto_renewall 2022-11-26 05:56:06.511594
Start auto_renewall 2022-11-26 05:57:06.577821
Start auto_renewall 2022-11-26 05:58:06.647657
Start auto_renewall 2022-11-26 05:59:06.718904
Start auto_renewall 2022-11-26 06:00:06.791391
Start auto_renewall 2022-11-26 06:01:06.858614
Start auto_renewall 2022-11-26 06:02:06.931348
Start auto_renewall 2022-11-26 06:03:07.003886
Start auto_renewall 2022-11-26 06:04:07.076899
Start auto_renewall 2022-11-26 06:05:07.150331
Start auto_renewall 2022-11-26 06:06:07.216958
Start auto_renewall 2022-11-26 06:07:07.283977
Start auto_renewall 2022-11-26 06:08:07.355620
Start auto_renewall 2022-11-26 06:10:15.360928
Start auto_renewall 2022-11-26 06:11:15.432972
Start auto_renewall 2022-11-26 06:12:15.505834
Start auto_renewall 2022-11-26 06:13:15.578746
Start auto_renewall 2022-11-26 06:14:15.650852
Start auto_renewall 2022-11-26 06:15:15.716610
Start auto_renewall 2022-11-26 06:16:15.782917
Start auto_renewall 2022-11-26 06:17:15.849330
Start auto_renewall 2022-11-26 06:18:15.921653
Start auto_renewall 2022-11-26 06:19:15.990432
Start auto_renewall 2022-11-26 06:20:16.057538
Start auto_renewall 2022-11-26 06:21:16.130174
Start auto_renewall 2022-11-26 06:22:16.202877
Start auto_renewall 2022-11-26 06:23:16.274788
Start auto_renewall 2022-11-26 06:24:16.341066
Start auto_renewall 2022-11-26 06:25:16.405970
Start auto_renewall 2022-11-26 06:27:15.771565
Start auto_renewall 2022-11-26 06:28:15.842912
Start auto_renewall 2022-11-26 06:29:15.909700
Start auto_renewall 2022-11-26 06:30:15.981717
Start auto_renewall 2022-11-26 06:32:00.521311
Start auto_renewall 2022-11-26 06:33:00.595251
Start auto_renewall 2022-11-26 06:34:00.666374
Start auto_renewall 2022-11-26 06:35:00.737326
Start auto_renewall 2022-11-26 06:36:00.808250
Start auto_renewall 2022-11-26 06:37:00.873710
Start auto_renewall 2022-11-26 06:38:00.946320
Start auto_renewall 2022-11-26 06:39:50.557923
Start auto_renewall 2022-11-26 06:40:50.630980
Start auto_renewall 2022-11-26 06:41:50.703860
Start auto_renewall 2022-11-26 06:42:50.770828
Start auto_renewall 2022-11-26 06:43:50.842923
<function make_renewal_list at 0x7f549ae7f8b0> delay 0.4879460919146902 sec
Start auto_renewall 2022-11-26 06:43:51.354906
<function make_renewal_list at 0x7f549ae7f8b0> delay 0.46686905181695454 sec
Start auto_renewall 2022-11-26 06:43:51.835959
<function make_renewal_list at 0x7f549ae7f8b0> delay 1.355768186250701 sec
Start auto_renewall 2022-11-26 06:43:53.206569
<function make_renewal_list at 0x7f549ae7f8b0> delay 1.673790438916829 sec
Start auto_renewall 2022-11-26 06:43:54.893159
<function make_renewal_list at 0x7f549ae7f8b0> delay 2.398696662689079 sec
Start auto_renewall 2022-11-26 06:43:57.307382
<function make_renewal_list at 0x7f549ae7f8b0> delay 3.944005751735772 sec
Start auto_renewall 2022-11-26 06:44:01.268730
<function make_renewal_list at 0x7f549ae7f8b0> delay 7.209570000331958 sec
Start auto_renewall 2022-11-26 06:44:08.493263
<function make_renewal_list at 0x7f549ae7f8b0> delay 10 sec
Start auto_renewall 2022-11-26 06:44:18.508301
<function make_renewal_list at 0x7f549ae7f8b0> delay 10 sec
Start auto_renewall 2022-11-26 06:44:28.528423
<function make_renewal_list at 0x7f549ae7f8b0> delay 10 sec
Start auto_renewall 2022-11-26 06:44:38.547537
<function make_renewal_list at 0x7f549ae7f8b0> delay 10 sec
Start auto_renewall 2022-11-26 06:44:48.570505
Start auto_renewall 2022-11-26 06:45:48.645477
<function make_renewal_list at 0x7f549ae7f8b0> delay 0.16151441297553384 sec
Start auto_renewall 2022-11-26 06:45:48.817965
<function make_renewal_list at 0x7f549ae7f8b0> delay 1.0329581879595562 sec
Start auto_renewall 2022-11-26 06:45:49.865234
<function make_renewal_list at 0x7f549ae7f8b0> delay 0.7962081539053356 sec
Start auto_renewall 2022-11-26 06:45:50.672410
<function make_renewal_list at 0x7f549ae7f8b0> delay 1.550350247347306 sec
Start auto_renewall 2022-11-26 06:45:52.237467
<function make_renewal_list at 0x7f549ae7f8b0> delay 1.616462021261989 sec
Start auto_renewall 2022-11-26 06:45:53.866982
<function make_renewal_list at 0x7f549ae7f8b0> delay 3.5448691859474013 sec
Start auto_renewall 2022-11-26 06:45:57.422950
<function make_renewal_list at 0x7f549ae7f8b0> delay 6.702154242525036 sec
Start auto_renewall 2022-11-26 06:46:04.137267
Start auto_renewall 2022-11-26 06:47:04.209089
Start auto_renewall 2022-11-26 06:48:04.284080
Start auto_renewall 2022-11-26 06:49:04.354662
Start auto_renewall 2022-11-26 06:50:04.427502
